Performing system checks...

System check identified no issues (0 silenced).

You have unapplied migrations; your app may not work properly until they are applied.
Run 'python manage.py migrate' to apply them.
November 18, 2016 - 19:17:20
Django version 1.9.4, using settings 'askme.settings'
Starting development server at http://127.0.0.1:5000/
Quit the server with CONTROL-C.
[18/Nov/2016 19:28:38] "POST /db/api/clear/ HTTP/1.1" 200 29
[18/Nov/2016 19:28:38] "POST /db/api/user/create/ HTTP/1.1" 200 169
[18/Nov/2016 19:28:38] "GET /db/api/user/details/?user=example%40mail.ru HTTP/1.1" 200 231
[18/Nov/2016 19:28:38] "POST /db/api/user/create/ HTTP/1.1" 200 161
[18/Nov/2016 19:28:38] "GET /db/api/user/details/?user=richard.nixon%40example.com HTTP/1.1" 200 233
[18/Nov/2016 19:28:39] "POST /db/api/user/create/ HTTP/1.1" 200 4355
[18/Nov/2016 19:28:39] "GET /db/api/user/details/?user=example2%40mail.ru HTTP/1.1" 200 4418
[18/Nov/2016 19:28:39] "POST /db/api/user/create/ HTTP/1.1" 200 170
[18/Nov/2016 19:28:39] "GET /db/api/user/details/?user=example3%40mail.ru HTTP/1.1" 200 233
[18/Nov/2016 19:28:39] "POST /db/api/user/create/ HTTP/1.1" 200 169
[18/Nov/2016 19:28:39] "GET /db/api/user/details/?user=example4%40mail.ru HTTP/1.1" 200 232
[18/Nov/2016 19:28:39] "POST /db/api/forum/create/ HTTP/1.1" 200 155
[18/Nov/2016 19:28:39] "GET /db/api/forum/details/?related=user&forum=forumwithsufficientlylargename HTTP/1.1" 200 282
[18/Nov/2016 19:28:39] "POST /db/api/forum/create/ HTTP/1.1" 200 114
[18/Nov/2016 19:28:39] "GET /db/api/forum/details/?related=user&forum=forum1 HTTP/1.1" 200 223
[18/Nov/2016 19:28:39] "POST /db/api/forum/create/ HTTP/1.1" 200 106
[18/Nov/2016 19:28:39] "GET /db/api/forum/details/?related=user&forum=forum2 HTTP/1.1" 200 232
[18/Nov/2016 19:28:39] "POST /db/api/forum/create/ HTTP/1.1" 200 146
[18/Nov/2016 19:28:39] "GET /db/api/forum/details/?related=user&forum=forum3 HTTP/1.1" 200 273
[18/Nov/2016 19:28:39] "POST /db/api/thread/create/ HTTP/1.1" 200 340
[18/Nov/2016 19:28:39] "GET /db/api/thread/details/?related=forum&related=user&thread=1 HTTP/1.1" 200 539
[18/Nov/2016 19:28:39] "POST /db/api/post/create/ HTTP/1.1" 200 521
[18/Nov/2016 19:28:39] "GET /db/api/post/details/?post=1&related=thread&related=forum&related=user HTTP/1.1" 200 1034
[18/Nov/2016 19:28:39] "POST /db/api/post/create/ HTTP/1.1" 200 479
[18/Nov/2016 19:28:39] "GET /db/api/post/details/?post=2&related=thread&related=forum&related=user HTTP/1.1" 200 992
[18/Nov/2016 19:28:39] "POST /db/api/post/create/ HTTP/1.1" 200 545
[18/Nov/2016 19:28:39] "GET /db/api/post/details/?post=3&related=thread&related=forum&related=user HTTP/1.1" 200 1059
[18/Nov/2016 19:28:39] "POST /db/api/post/create/ HTTP/1.1" 200 550
[18/Nov/2016 19:28:39] "GET /db/api/post/details/?post=4&related=thread&related=forum&related=user HTTP/1.1" 200 1064
[18/Nov/2016 19:28:39] "POST /db/api/post/create/ HTTP/1.1" 200 557
[18/Nov/2016 19:28:39] "GET /db/api/post/details/?post=5&related=thread&related=forum&related=user HTTP/1.1" 200 1071
[18/Nov/2016 19:28:39] "POST /db/api/post/create/ HTTP/1.1" 200 610
[18/Nov/2016 19:28:39] "GET /db/api/post/details/?post=6&related=thread&related=forum&related=user HTTP/1.1" 200 5309
[18/Nov/2016 19:28:39] "POST /db/api/post/create/ HTTP/1.1" 200 607
[18/Nov/2016 19:28:39] "GET /db/api/post/details/?post=7&related=thread&related=forum&related=user HTTP/1.1" 200 5306
[18/Nov/2016 19:28:40] "POST /db/api/thread/create/ HTTP/1.1" 200 299
[18/Nov/2016 19:28:40] "GET /db/api/thread/details/?related=forum&related=user&thread=2 HTTP/1.1" 200 524
[18/Nov/2016 19:28:40] "POST /db/api/post/create/ HTTP/1.1" 200 542
[18/Nov/2016 19:28:40] "GET /db/api/post/details/?post=8&related=thread&related=forum&related=user HTTP/1.1" 200 1022
[18/Nov/2016 19:28:40] "POST /db/api/post/create/ HTTP/1.1" 200 589
[18/Nov/2016 19:28:40] "GET /db/api/post/details/?post=9&related=thread&related=forum&related=user HTTP/1.1" 200 1086
[18/Nov/2016 19:28:40] "POST /db/api/post/create/ HTTP/1.1" 200 544
[18/Nov/2016 19:28:40] "GET /db/api/post/details/?post=10&related=thread&related=forum&related=user HTTP/1.1" 200 1041
[18/Nov/2016 19:28:40] "POST /db/api/post/create/ HTTP/1.1" 200 585
[18/Nov/2016 19:28:40] "GET /db/api/post/details/?post=11&related=thread&related=forum&related=user HTTP/1.1" 200 1065
[18/Nov/2016 19:28:40] "POST /db/api/post/create/ HTTP/1.1" 200 572
[18/Nov/2016 19:28:40] "GET /db/api/post/details/?post=12&related=thread&related=forum&related=user HTTP/1.1" 200 1070
[18/Nov/2016 19:28:40] "POST /db/api/post/create/ HTTP/1.1" 200 554
[18/Nov/2016 19:28:40] "GET /db/api/post/details/?post=13&related=thread&related=forum&related=user HTTP/1.1" 200 1052
[18/Nov/2016 19:28:40] "POST /db/api/post/create/ HTTP/1.1" 200 559
[18/Nov/2016 19:28:40] "GET /db/api/post/details/?post=14&related=thread&related=forum&related=user HTTP/1.1" 200 1057
[18/Nov/2016 19:28:40] "POST /db/api/post/create/ HTTP/1.1" 200 601
[18/Nov/2016 19:28:40] "GET /db/api/post/details/?post=15&related=thread&related=forum&related=user HTTP/1.1" 200 1099
[18/Nov/2016 19:28:40] "POST /db/api/thread/create/ HTTP/1.1" 200 279
[18/Nov/2016 19:28:40] "GET /db/api/thread/details/?related=forum&related=user&thread=3 HTTP/1.1" 200 479
[18/Nov/2016 19:28:40] "POST /db/api/post/create/ HTTP/1.1" 200 533
[18/Nov/2016 19:28:40] "GET /db/api/post/details/?post=16&related=thread&related=forum&related=user HTTP/1.1" 200 986
[18/Nov/2016 19:28:40] "POST /db/api/post/create/ HTTP/1.1" 200 523
[18/Nov/2016 19:28:40] "GET /db/api/post/details/?post=17&related=thread&related=forum&related=user HTTP/1.1" 200 976
[18/Nov/2016 19:28:41] "POST /db/api/post/create/ HTTP/1.1" 200 545
[18/Nov/2016 19:28:41] "GET /db/api/post/details/?post=18&related=thread&related=forum&related=user HTTP/1.1" 200 5183
[18/Nov/2016 19:28:41] "POST /db/api/post/create/ HTTP/1.1" 200 460
[18/Nov/2016 19:28:41] "GET /db/api/post/details/?post=19&related=thread&related=forum&related=user HTTP/1.1" 200 895
[18/Nov/2016 19:28:41] "POST /db/api/post/create/ HTTP/1.1" 200 532
[18/Nov/2016 19:28:41] "GET /db/api/post/details/?post=20&related=thread&related=forum&related=user HTTP/1.1" 200 985
[18/Nov/2016 19:28:41] "POST /db/api/post/create/ HTTP/1.1" 200 532
[18/Nov/2016 19:28:41] "GET /db/api/post/details/?post=21&related=thread&related=forum&related=user HTTP/1.1" 200 985
[18/Nov/2016 19:28:41] "POST /db/api/post/create/ HTTP/1.1" 200 519
[18/Nov/2016 19:28:41] "GET /db/api/post/details/?post=22&related=thread&related=forum&related=user HTTP/1.1" 200 972
[18/Nov/2016 19:28:41] "POST /db/api/post/create/ HTTP/1.1" 200 499
[18/Nov/2016 19:28:41] "GET /db/api/post/details/?post=23&related=thread&related=forum&related=user HTTP/1.1" 200 952
[18/Nov/2016 19:28:41] "POST /db/api/post/create/ HTTP/1.1" 200 589
[18/Nov/2016 19:28:41] "GET /db/api/post/details/?post=24&related=thread&related=forum&related=user HTTP/1.1" 200 1042
[18/Nov/2016 19:28:41] "POST /db/api/thread/create/ HTTP/1.1" 200 4229
[18/Nov/2016 19:28:41] "GET /db/api/thread/details/?related=forum&related=user&thread=4 HTTP/1.1" 200 4454
[18/Nov/2016 19:28:41] "POST /db/api/post/create/ HTTP/1.1" 200 511
[18/Nov/2016 19:28:41] "GET /db/api/post/details/?post=25&related=thread&related=forum&related=user HTTP/1.1" 200 4939
[18/Nov/2016 19:28:41] "POST /db/api/post/create/ HTTP/1.1" 200 495
[18/Nov/2016 19:28:41] "GET /db/api/post/details/?post=26&related=thread&related=forum&related=user HTTP/1.1" 200 4922
[18/Nov/2016 19:28:41] "POST /db/api/post/create/ HTTP/1.1" 200 519
[18/Nov/2016 19:28:41] "GET /db/api/post/details/?post=27&related=thread&related=forum&related=user HTTP/1.1" 200 4947
[18/Nov/2016 19:28:42] "POST /db/api/post/create/ HTTP/1.1" 200 596
[18/Nov/2016 19:28:42] "GET /db/api/post/details/?post=28&related=thread&related=forum&related=user HTTP/1.1" 200 5023
[18/Nov/2016 19:28:42] "POST /db/api/post/create/ HTTP/1.1" 200 544
[18/Nov/2016 19:28:42] "GET /db/api/post/details/?post=29&related=thread&related=forum&related=user HTTP/1.1" 200 4972
[18/Nov/2016 19:28:42] "POST /db/api/post/create/ HTTP/1.1" 200 578
[18/Nov/2016 19:28:42] "GET /db/api/post/details/?post=30&related=thread&related=forum&related=user HTTP/1.1" 200 5006
[18/Nov/2016 19:28:42] "POST /db/api/post/create/ HTTP/1.1" 200 564
[18/Nov/2016 19:28:42] "GET /db/api/post/details/?post=31&related=thread&related=forum&related=user HTTP/1.1" 200 4992
Internal Server Error: /db/api/post/details/
Traceback (most recent call last):
  File "/usr/local/lib/python2.7/dist-packages/django/core/handlers/base.py", line 149, in get_response
    response = self.process_exception_by_middleware(e, request)
  File "/usr/local/lib/python2.7/dist-packages/django/core/handlers/base.py", line 147, in get_response
    response = wrapped_callback(request, *callback_args, **callback_kwargs)
  File "/usr/local/lib/python2.7/dist-packages/django/views/decorators/csrf.py", line 58, in wrapped_view
    return view_func(*args, **kwargs)
  File "/home/mike/database/askme/ask/post_views.py", line 49, in details
    user = post_dict.get('user')
AttributeError: 'list' object has no attribute 'get'
[18/Nov/2016 19:28:42] "GET /db/api/post/details/?post=-42 HTTP/1.1" 500 72295
[18/Nov/2016 19:28:42] "POST /db/api/user/create/ HTTP/1.1" 200 51
[18/Nov/2016 19:28:42] "GET /db/api/thread/details/?related=user&related=thread&thread=1 HTTP/1.1" 200 539
[18/Nov/2016 19:28:42] "GET /db/api/post/list/?since=2014-01-02+00%3A00%3A00&limit=2&order=asc&forum=forumwithsufficientlylargename HTTP/1.1" 200 1110
[18/Nov/2016 19:28:42] "GET /db/api/post/list/?since=2014-01-01+00%3A00%3A00&order=desc&forum=forum1 HTTP/1.1" 200 27
[18/Nov/2016 19:28:42] "GET /db/api/post/list/?since=2014-01-01+00%3A00%3A00&order=desc&thread=3 HTTP/1.1" 200 4550
[18/Nov/2016 19:28:42] "GET /db/api/post/list/?since=2014-01-03+00%3A00%3A00&limit=3&order=desc&thread=2 HTTP/1.1" 200 1670
[18/Nov/2016 19:28:42] "POST /db/api/post/remove/ HTTP/1.1" 200 37
[18/Nov/2016 19:28:42] "GET /db/api/post/details/?post=27 HTTP/1.1" 200 4946
[18/Nov/2016 19:28:42] "GET /db/api/thread/details/?thread=4 HTTP/1.1" 200 4454
[18/Nov/2016 19:28:42] "POST /db/api/post/restore/ HTTP/1.1" 200 37
[18/Nov/2016 19:28:42] "GET /db/api/post/details/?post=27 HTTP/1.1" 200 4947
[18/Nov/2016 19:28:42] "GET /db/api/thread/details/?thread=4 HTTP/1.1" 200 4454
[18/Nov/2016 19:28:42] "POST /db/api/post/update/ HTTP/1.1" 200 519
[18/Nov/2016 19:28:42] "GET /db/api/post/details/?post=27 HTTP/1.1" 200 4947
[18/Nov/2016 19:28:42] "POST /db/api/post/vote/ HTTP/1.1" 200 550
[18/Nov/2016 19:28:42] "GET /db/api/post/details/?post=4 HTTP/1.1" 200 1064
[18/Nov/2016 19:28:42] "GET /db/api/thread/list/?since=2014-01-02+00%3A00%3A00&limit=2&order=asc&forum=forumwithsufficientlylargename HTTP/1.1" 200 27
[18/Nov/2016 19:28:42] "GET /db/api/thread/list/?since=2014-01-01+00%3A00%3A00&order=desc&forum=forum1 HTTP/1.1" 200 27
[18/Nov/2016 19:28:42] "GET /db/api/thread/list/?since=2014-01-01+00%3A00%3A00&user=example2%40mail.ru&order=desc HTTP/1.1" 200 27
[18/Nov/2016 19:28:42] "GET /db/api/thread/list/?since=2014-01-03+00%3A00%3A00&limit=3&user=example3%40mail.ru&order=desc HTTP/1.1" 200 27
[18/Nov/2016 19:28:42] "GET /db/api/thread/listPosts/?since=2014-01-02+00%3A00%3A00&limit=2&order=asc&thread=1 HTTP/1.1" 200 979
[18/Nov/2016 19:28:42] "GET /db/api/thread/listPosts/?sort=tree&since=2014-01-01+00%3A00%3A00&limit=3&order=desc&thread=4 HTTP/1.1" 200 1558
[18/Nov/2016 19:28:42] "GET /db/api/thread/listPosts/?sort=parent_tree&since=2014-01-01+00%3A00%3A00&limit=2&order=asc&thread=4 HTTP/1.1" 200 3671
[18/Nov/2016 19:28:42] "GET /db/api/thread/listPosts/?since=2014-01-03+00%3A00%3A00&limit=3&order=desc&thread=4 HTTP/1.1" 200 1642
Internal Server Error: /db/api/thread/remove/
Traceback (most recent call last):
  File "/usr/local/lib/python2.7/dist-packages/django/core/handlers/base.py", line 149, in get_response
    response = self.process_exception_by_middleware(e, request)
  File "/usr/local/lib/python2.7/dist-packages/django/core/handlers/base.py", line 147, in get_response
    response = wrapped_callback(request, *callback_args, **callback_kwargs)
  File "/usr/local/lib/python2.7/dist-packages/django/views/decorators/csrf.py", line 58, in wrapped_view
    return view_func(*args, **kwargs)
  File "/home/mike/database/askme/ask/thread_views.py", line 108, in remove
    return JsonResponse({"code": 0, "response": {"thread": postID}})
NameError: global name 'postID' is not defined
[18/Nov/2016 19:28:43] "POST /db/api/thread/remove/ HTTP/1.1" 500 72076
[18/Nov/2016 19:28:43] "GET /db/api/thread/details/?thread=4 HTTP/1.1" 200 4454
[18/Nov/2016 19:28:43] "GET /db/api/thread/listPosts/?order=desc&thread=4 HTTP/1.1" 200 3664
[18/Nov/2016 19:28:43] "POST /db/api/thread/restore/ HTTP/1.1" 200 38
[18/Nov/2016 19:28:43] "GET /db/api/thread/details/?thread=4 HTTP/1.1" 200 4454
[18/Nov/2016 19:28:43] "GET /db/api/thread/listPosts/?order=desc&thread=4 HTTP/1.1" 200 3671
[18/Nov/2016 19:28:43] "POST /db/api/thread/close/ HTTP/1.1" 200 26
[18/Nov/2016 19:28:43] "GET /db/api/thread/details/?thread=4 HTTP/1.1" 200 4454
[18/Nov/2016 19:28:43] "POST /db/api/thread/open/ HTTP/1.1" 200 26
[18/Nov/2016 19:28:43] "GET /db/api/thread/details/?thread=4 HTTP/1.1" 200 4454
[18/Nov/2016 19:28:43] "POST /db/api/thread/update/ HTTP/1.1" 200 4229
[18/Nov/2016 19:28:43] "GET /db/api/thread/details/?thread=4 HTTP/1.1" 200 4454
[18/Nov/2016 19:28:43] "POST /db/api/thread/vote/ HTTP/1.1" 200 341
[18/Nov/2016 19:28:43] "GET /db/api/thread/details/?thread=1 HTTP/1.1" 200 540
[18/Nov/2016 19:28:43] "POST /db/api/thread/subscribe/ HTTP/1.1" 200 65
[18/Nov/2016 19:28:43] "GET /db/api/thread/details/?thread=2 HTTP/1.1" 200 525
[18/Nov/2016 19:28:43] "POST /db/api/thread/subscribe/ HTTP/1.1" 200 66
[18/Nov/2016 19:28:43] "GET /db/api/thread/details/?thread=3 HTTP/1.1" 200 481
[18/Nov/2016 19:28:43] "POST /db/api/thread/subscribe/ HTTP/1.1" 200 65
[18/Nov/2016 19:28:43] "GET /db/api/thread/details/?thread=3 HTTP/1.1" 200 487
[18/Nov/2016 19:28:43] "POST /db/api/thread/subscribe/ HTTP/1.1" 200 66
[18/Nov/2016 19:28:43] "GET /db/api/thread/details/?thread=1 HTTP/1.1" 200 545
[18/Nov/2016 19:28:43] "POST /db/api/thread/subscribe/ HTTP/1.1" 200 75
[18/Nov/2016 19:28:43] "GET /db/api/thread/details/?thread=3 HTTP/1.1" 200 490
[18/Nov/2016 19:28:43] "POST /db/api/thread/unsubscribe/ HTTP/1.1" 200 65
[18/Nov/2016 19:28:43] "GET /db/api/thread/details/?thread=4 HTTP/1.1" 200 4458
[18/Nov/2016 19:28:43] "GET /db/api/user/listPosts/?since=2014-01-02+00%3A00%3A00&limit=2&user=example%40mail.ru&order=asc HTTP/1.1" 200 1035
[18/Nov/2016 19:28:43] "GET /db/api/user/listPosts/?since=2014-01-01+00%3A00%3A00&user=richard.nixon%40example.com&order=desc HTTP/1.1" 200 1543
[18/Nov/2016 19:28:43] "GET /db/api/user/listPosts/?since=2014-01-01+00%3A00%3A00&user=example2%40mail.ru&order=asc HTTP/1.1" 200 1718
[18/Nov/2016 19:28:43] "GET /db/api/user/listPosts/?since=2014-01-03+00%3A00%3A00&limit=3&user=example3%40mail.ru&order=desc HTTP/1.1" 200 1506
[18/Nov/2016 19:28:43] "POST /db/api/user/updateProfile/ HTTP/1.1" 200 168
[18/Nov/2016 19:28:43] "GET /db/api/user/details/?user=example2%40mail.ru HTTP/1.1" 200 231
[18/Nov/2016 19:28:43] "POST /db/api/user/updateProfile/ HTTP/1.1" 200 172
[18/Nov/2016 19:28:43] "GET /db/api/user/details/?user=example3%40mail.ru HTTP/1.1" 200 235
[18/Nov/2016 19:28:43] "POST /db/api/user/follow/ HTTP/1.1" 200 223
[18/Nov/2016 19:28:43] "GET /db/api/user/details/?user=example3%40mail.ru HTTP/1.1" 200 252
[18/Nov/2016 19:28:43] "GET /db/api/user/details/?user=example%40mail.ru HTTP/1.1" 200 253
[18/Nov/2016 19:28:43] "POST /db/api/user/follow/ HTTP/1.1" 200 243
[18/Nov/2016 19:28:43] "GET /db/api/user/details/?user=example%40mail.ru HTTP/1.1" 200 271
[18/Nov/2016 19:28:43] "GET /db/api/user/details/?user=example3%40mail.ru HTTP/1.1" 200 269
[18/Nov/2016 19:28:43] "GET /db/api/user/listFollowers/?limit=3&user=example3%40mail.ru&since_id=0&order=desc HTTP/1.1" 200 245
[18/Nov/2016 19:28:43] "GET /db/api/user/listFollowers/?user=example%40mail.ru&order=asc HTTP/1.1" 200 242
[18/Nov/2016 19:28:43] "GET /db/api/user/listFollowing/?limit=3&user=example3%40mail.ru&since_id=1&order=desc HTTP/1.1" 200 245
[18/Nov/2016 19:28:43] "GET /db/api/user/listFollowing/?user=example%40mail.ru&order=asc HTTP/1.1" 200 242
[18/Nov/2016 19:28:43] "POST /db/api/user/unfollow/ HTTP/1.1" 200 223
[18/Nov/2016 19:28:43] "GET /db/api/user/details/?user=example3%40mail.ru HTTP/1.1" 200 252
[18/Nov/2016 19:28:43] "GET /db/api/user/details/?user=example%40mail.ru HTTP/1.1" 200 253
[18/Nov/2016 19:28:43] "POST /db/api/user/unfollow/ HTTP/1.1" 200 207
[18/Nov/2016 19:28:43] "GET /db/api/user/details/?user=example%40mail.ru HTTP/1.1" 200 235
[18/Nov/2016 19:28:43] "GET /db/api/user/details/?user=example3%40mail.ru HTTP/1.1" 200 235
[18/Nov/2016 19:28:43] "GET /db/api/forum/listPosts/?related=thread&since=2014-01-02+00%3A00%3A00&limit=2&order=asc&forum=forumwithsufficientlylargename HTTP/1.1" 200 1658
[18/Nov/2016 19:28:43] "GET /db/api/forum/listPosts/?related=thread&related=forum&since=2014-01-01+00%3A00%3A00&order=desc&forum=forum1 HTTP/1.1" 200 27
[18/Nov/2016 19:28:43] "GET /db/api/forum/listPosts/?since=2014-01-01+00%3A00%3A00&order=desc&forum=forum2 HTTP/1.1" 200 8258
[18/Nov/2016 19:28:43] "GET /db/api/forum/listPosts/?since=2014-01-03+00%3A00%3A00&limit=3&order=desc&forum=forum3 HTTP/1.1" 200 27
[18/Nov/2016 19:28:43] "GET /db/api/forum/listThreads/?related=forum&related=user&since=2013-12-30+00%3A00%3A00&limit=2&order=asc&forum=forumwithsufficientlylargename HTTP/1.1" 200 529
[18/Nov/2016 19:28:43] "GET /db/api/forum/listThreads/?related=forum&since=2013-12-31+00%3A00%3A00&order=desc&forum=forum1 HTTP/1.1" 200 27
[18/Nov/2016 19:28:43] "GET /db/api/forum/listThreads/?related=user&since=2014-01-01+00%3A00%3A00&order=desc&forum=forum2 HTTP/1.1" 200 474
[18/Nov/2016 19:28:43] "GET /db/api/forum/listThreads/?since=2013-12-29+00%3A00%3A00&limit=3&order=desc&forum=forum3 HTTP/1.1" 200 27
[18/Nov/2016 19:28:44] "GET /db/api/forum/listUsers/?limit=2&since_id=2&forum=forumwithsufficientlylargename&order=asc HTTP/1.1" 200 314
[18/Nov/2016 19:28:44] "GET /db/api/forum/listUsers/?order=desc&forum=forum1 HTTP/1.1" 200 27
Internal Server Error: /db/api/clear/
Traceback (most recent call last):
  File "/usr/local/lib/python2.7/dist-packages/django/core/handlers/base.py", line 149, in get_response
    response = self.process_exception_by_middleware(e, request)
  File "/usr/local/lib/python2.7/dist-packages/django/core/handlers/base.py", line 147, in get_response
    response = wrapped_callback(request, *callback_args, **callback_kwargs)
  File "/usr/local/lib/python2.7/dist-packages/django/views/decorators/csrf.py", line 58, in wrapped_view
    return view_func(*args, **kwargs)
  File "/home/mike/database/askme/ask/common.py", line 34, in clear
    db.execute("""DELETE User.* FROM User;""", post=True)
  File "/home/mike/database/askme/ask/common.py", line 14, in execute
    self.cursor.execute(sql, args)
  File "/usr/lib/python2.7/dist-packages/MySQLdb/cursors.py", line 174, in execute
    self.errorhandler(self, exc, value)
  File "/usr/lib/python2.7/dist-packages/MySQLdb/connections.py", line 36, in defaulterrorhandler
    raise errorclass, errorvalue
ProgrammingError: (1146, "Table 'dbproj.User' doesn't exist")
[18/Nov/2016 19:30:12] "POST /db/api/clear/ HTTP/1.1" 500 84407
Internal Server Error: /db/api/user/create/
Traceback (most recent call last):
  File "/usr/local/lib/python2.7/dist-packages/django/core/handlers/base.py", line 149, in get_response
    response = self.process_exception_by_middleware(e, request)
  File "/usr/local/lib/python2.7/dist-packages/django/core/handlers/base.py", line 147, in get_response
    response = wrapped_callback(request, *callback_args, **callback_kwargs)
  File "/usr/local/lib/python2.7/dist-packages/django/views/decorators/csrf.py", line 58, in wrapped_view
    return view_func(*args, **kwargs)
  File "/home/mike/database/askme/ask/user_views.py", line 27, in create
    user_dict = get_user_dict(email)
  File "/home/mike/database/askme/ask/common.py", line 62, in get_user_dict
    'subscriptions': get_subscribed_threads_list(user_sql[1])}
  File "/home/mike/database/askme/ask/common.py", line 313, in get_subscribed_threads_list
    WHERE subscriber = %(email)s;""", {'email': email})
  File "/home/mike/database/askme/ask/common.py", line 14, in execute
    self.cursor.execute(sql, args)
  File "/usr/lib/python2.7/dist-packages/MySQLdb/cursors.py", line 174, in execute
    self.errorhandler(self, exc, value)
  File "/usr/lib/python2.7/dist-packages/MySQLdb/connections.py", line 36, in defaulterrorhandler
    raise errorclass, errorvalue
ProgrammingError: (1146, "Table 'dbproj.Subscription' doesn't exist")
[18/Nov/2016 19:30:12] "POST /db/api/user/create/ HTTP/1.1" 500 94241
[18/Nov/2016 19:30:12] "GET /db/api/user/details/?user=example%40mail.ru HTTP/1.1" 200 231
[18/Nov/2016 19:30:12] "POST /db/api/user/create/ HTTP/1.1" 200 161
[18/Nov/2016 19:30:12] "GET /db/api/user/details/?user=richard.nixon%40example.com HTTP/1.1" 200 233
Internal Server Error: /db/api/user/create/
Traceback (most recent call last):
  File "/usr/local/lib/python2.7/dist-packages/django/core/handlers/base.py", line 149, in get_response
    response = self.process_exception_by_middleware(e, request)
  File "/usr/local/lib/python2.7/dist-packages/django/core/handlers/base.py", line 147, in get_response
    response = wrapped_callback(request, *callback_args, **callback_kwargs)
  File "/usr/local/lib/python2.7/dist-packages/django/views/decorators/csrf.py", line 58, in wrapped_view
    return view_func(*args, **kwargs)
  File "/home/mike/database/askme/ask/user_views.py", line 20, in create
    db.execute(sql, args, True)
  File "/home/mike/database/askme/ask/common.py", line 14, in execute
    self.cursor.execute(sql, args)
  File "/usr/lib/python2.7/dist-packages/MySQLdb/cursors.py", line 174, in execute
    self.errorhandler(self, exc, value)
  File "/usr/lib/python2.7/dist-packages/MySQLdb/connections.py", line 36, in defaulterrorhandler
    raise errorclass, errorvalue
OperationalError: (1213, 'Deadlock found when trying to get lock; try restarting transaction')
[18/Nov/2016 19:30:12] "POST /db/api/user/create/ HTTP/1.1" 500 111073
[18/Nov/2016 19:30:13] "GET /db/api/user/details/?user=example2%40mail.ru HTTP/1.1" 200 109
[18/Nov/2016 19:30:13] "POST /db/api/user/create/ HTTP/1.1" 200 170
[18/Nov/2016 19:30:13] "GET /db/api/user/details/?user=example3%40mail.ru HTTP/1.1" 200 233
[18/Nov/2016 19:30:13] "POST /db/api/user/create/ HTTP/1.1" 200 169
[18/Nov/2016 19:30:13] "GET /db/api/user/details/?user=example4%40mail.ru HTTP/1.1" 200 232
[18/Nov/2016 19:30:13] "POST /db/api/forum/create/ HTTP/1.1" 200 165
[18/Nov/2016 19:30:13] "GET /db/api/forum/details/?related=user&forum=forumwithsufficientlylargename HTTP/1.1" 200 140
[18/Nov/2016 19:30:13] "POST /db/api/forum/create/ HTTP/1.1" 200 105
[18/Nov/2016 19:30:13] "GET /db/api/forum/details/?related=user&forum=forum1 HTTP/1.1" 200 231
[18/Nov/2016 19:30:13] "POST /db/api/forum/create/ HTTP/1.1" 200 105
[18/Nov/2016 19:30:13] "GET /db/api/forum/details/?related=user&forum=forum2 HTTP/1.1" 200 90
[18/Nov/2016 19:30:13] "POST /db/api/forum/create/ HTTP/1.1" 200 147
[18/Nov/2016 19:30:13] "GET /db/api/forum/details/?related=user&forum=forum3 HTTP/1.1" 200 273
[18/Nov/2016 19:30:13] "POST /db/api/thread/create/ HTTP/1.1" 200 364
[18/Nov/2016 19:30:13] "GET /db/api/thread/details/?related=forum&related=user&thread=1 HTTP/1.1" 200 456
[18/Nov/2016 19:30:13] "POST /db/api/post/create/ HTTP/1.1" 200 498
[18/Nov/2016 19:30:13] "GET /db/api/post/details/?post=1&related=thread&related=forum&related=user HTTP/1.1" 200 1070
[18/Nov/2016 19:30:13] "POST /db/api/post/create/ HTTP/1.1" 200 492
[18/Nov/2016 19:30:13] "GET /db/api/post/details/?post=2&related=thread&related=forum&related=user HTTP/1.1" 200 1064
[18/Nov/2016 19:30:13] "POST /db/api/post/create/ HTTP/1.1" 200 608
[18/Nov/2016 19:30:13] "GET /db/api/post/details/?post=3&related=thread&related=forum&related=user HTTP/1.1" 200 1029
[18/Nov/2016 19:30:13] "POST /db/api/post/create/ HTTP/1.1" 200 514
[18/Nov/2016 19:30:13] "GET /db/api/post/details/?post=4&related=thread&related=forum&related=user HTTP/1.1" 200 935
[18/Nov/2016 19:30:13] "POST /db/api/post/create/ HTTP/1.1" 200 582
[18/Nov/2016 19:30:13] "GET /db/api/post/details/?post=5&related=thread&related=forum&related=user HTTP/1.1" 200 1013
[18/Nov/2016 19:30:14] "POST /db/api/post/create/ HTTP/1.1" 200 603
[18/Nov/2016 19:30:14] "GET /db/api/post/details/?post=6&related=thread&related=forum&related=user HTTP/1.1" 200 1024
[18/Nov/2016 19:30:14] "POST /db/api/post/create/ HTTP/1.1" 200 544
[18/Nov/2016 19:30:14] "GET /db/api/post/details/?post=7&related=thread&related=forum&related=user HTTP/1.1" 200 974
[18/Nov/2016 19:30:14] "POST /db/api/thread/create/ HTTP/1.1" 200 274
[18/Nov/2016 19:30:14] "GET /db/api/thread/details/?related=forum&related=user&thread=2 HTTP/1.1" 200 373
[18/Nov/2016 19:30:14] "POST /db/api/post/create/ HTTP/1.1" 200 449
[18/Nov/2016 19:30:14] "GET /db/api/post/details/?post=8&related=thread&related=forum&related=user HTTP/1.1" 200 796
[18/Nov/2016 19:30:14] "POST /db/api/post/create/ HTTP/1.1" 200 502
[18/Nov/2016 19:30:14] "GET /db/api/post/details/?post=9&related=thread&related=forum&related=user HTTP/1.1" 200 839
[18/Nov/2016 19:30:14] "POST /db/api/post/create/ HTTP/1.1" 200 473
[18/Nov/2016 19:30:14] "GET /db/api/post/details/?post=10&related=thread&related=forum&related=user HTTP/1.1" 200 810
[18/Nov/2016 19:30:14] "POST /db/api/post/create/ HTTP/1.1" 200 480
[18/Nov/2016 19:30:14] "GET /db/api/post/details/?post=11&related=thread&related=forum&related=user HTTP/1.1" 200 817
[18/Nov/2016 19:30:14] "POST /db/api/post/create/ HTTP/1.1" 200 492
[18/Nov/2016 19:30:14] "GET /db/api/post/details/?post=12&related=thread&related=forum&related=user HTTP/1.1" 200 838
[18/Nov/2016 19:30:14] "POST /db/api/post/create/ HTTP/1.1" 200 564
[18/Nov/2016 19:30:14] "GET /db/api/post/details/?post=13&related=thread&related=forum&related=user HTTP/1.1" 200 910
[18/Nov/2016 19:30:14] "POST /db/api/post/create/ HTTP/1.1" 200 558
[18/Nov/2016 19:30:14] "GET /db/api/post/details/?post=14&related=thread&related=forum&related=user HTTP/1.1" 200 905
[18/Nov/2016 19:30:14] "POST /db/api/thread/create/ HTTP/1.1" 200 279
[18/Nov/2016 19:30:14] "GET /db/api/thread/details/?related=forum&related=user&thread=3 HTTP/1.1" 200 378
[18/Nov/2016 19:30:14] "POST /db/api/post/create/ HTTP/1.1" 200 475
[18/Nov/2016 19:30:14] "GET /db/api/post/details/?post=15&related=thread&related=forum&related=user HTTP/1.1" 200 826
[18/Nov/2016 19:30:15] "POST /db/api/post/create/ HTTP/1.1" 200 593
[18/Nov/2016 19:30:15] "GET /db/api/post/details/?post=16&related=thread&related=forum&related=user HTTP/1.1" 200 1087
[18/Nov/2016 19:30:15] "POST /db/api/post/create/ HTTP/1.1" 200 520
[18/Nov/2016 19:30:15] "GET /db/api/post/details/?post=17&related=thread&related=forum&related=user HTTP/1.1" 200 1013
[18/Nov/2016 19:30:15] "POST /db/api/post/create/ HTTP/1.1" 200 497
[18/Nov/2016 19:30:15] "GET /db/api/post/details/?post=18&related=thread&related=forum&related=user HTTP/1.1" 200 991
[18/Nov/2016 19:30:15] "POST /db/api/post/create/ HTTP/1.1" 200 497
[18/Nov/2016 19:30:15] "GET /db/api/post/details/?post=19&related=thread&related=forum&related=user HTTP/1.1" 200 990
[18/Nov/2016 19:30:15] "POST /db/api/post/create/ HTTP/1.1" 200 498
[18/Nov/2016 19:30:15] "GET /db/api/post/details/?post=20&related=thread&related=forum&related=user HTTP/1.1" 200 991
[18/Nov/2016 19:30:15] "POST /db/api/post/create/ HTTP/1.1" 200 520
[18/Nov/2016 19:30:15] "GET /db/api/post/details/?post=21&related=thread&related=forum&related=user HTTP/1.1" 200 872
[18/Nov/2016 19:30:15] "POST /db/api/post/create/ HTTP/1.1" 200 529
[18/Nov/2016 19:30:15] "GET /db/api/post/details/?post=22&related=thread&related=forum&related=user HTTP/1.1" 200 871
[18/Nov/2016 19:30:15] "POST /db/api/post/create/ HTTP/1.1" 200 530
[18/Nov/2016 19:30:15] "GET /db/api/post/details/?post=23&related=thread&related=forum&related=user HTTP/1.1" 200 1024
[18/Nov/2016 19:30:15] "POST /db/api/post/create/ HTTP/1.1" 200 518
[18/Nov/2016 19:30:15] "GET /db/api/post/details/?post=24&related=thread&related=forum&related=user HTTP/1.1" 200 1013
[18/Nov/2016 19:30:15] "POST /db/api/thread/create/ HTTP/1.1" 200 4205
[18/Nov/2016 19:30:15] "GET /db/api/thread/details/?related=forum&related=user&thread=4 HTTP/1.1" 200 4262
[18/Nov/2016 19:30:15] "POST /db/api/post/create/ HTTP/1.1" 200 536
[18/Nov/2016 19:30:15] "GET /db/api/post/details/?post=25&related=thread&related=forum&related=user HTTP/1.1" 200 4914
[18/Nov/2016 19:30:15] "POST /db/api/post/create/ HTTP/1.1" 200 509
[18/Nov/2016 19:30:15] "GET /db/api/post/details/?post=26&related=thread&related=forum&related=user HTTP/1.1" 200 4886
[18/Nov/2016 19:30:15] "POST /db/api/post/create/ HTTP/1.1" 200 487
[18/Nov/2016 19:30:15] "GET /db/api/post/details/?post=27&related=thread&related=forum&related=user HTTP/1.1" 200 4722
[18/Nov/2016 19:30:16] "POST /db/api/post/create/ HTTP/1.1" 200 578
[18/Nov/2016 19:30:16] "GET /db/api/post/details/?post=28&related=thread&related=forum&related=user HTTP/1.1" 200 4804
[18/Nov/2016 19:30:16] "POST /db/api/post/create/ HTTP/1.1" 200 544
[18/Nov/2016 19:30:16] "GET /db/api/post/details/?post=29&related=thread&related=forum&related=user HTTP/1.1" 200 4780
[18/Nov/2016 19:30:16] "POST /db/api/post/create/ HTTP/1.1" 200 530
[18/Nov/2016 19:30:16] "GET /db/api/post/details/?post=30&related=thread&related=forum&related=user HTTP/1.1" 200 4766
[18/Nov/2016 19:30:16] "POST /db/api/post/create/ HTTP/1.1" 200 449
[18/Nov/2016 19:30:16] "GET /db/api/post/details/?post=31&related=thread&related=forum&related=user HTTP/1.1" 200 4685
[18/Nov/2016 19:30:16] "POST /db/api/post/create/ HTTP/1.1" 200 572
[18/Nov/2016 19:30:16] "GET /db/api/post/details/?post=32&related=thread&related=forum&related=user HTTP/1.1" 200 4950
[18/Nov/2016 19:30:16] "POST /db/api/post/create/ HTTP/1.1" 200 530
[18/Nov/2016 19:30:16] "GET /db/api/post/details/?post=33&related=thread&related=forum&related=user HTTP/1.1" 200 4907
Internal Server Error: /db/api/post/details/
Traceback (most recent call last):
  File "/usr/local/lib/python2.7/dist-packages/django/core/handlers/base.py", line 149, in get_response
    response = self.process_exception_by_middleware(e, request)
  File "/usr/local/lib/python2.7/dist-packages/django/core/handlers/base.py", line 147, in get_response
    response = wrapped_callback(request, *callback_args, **callback_kwargs)
  File "/usr/local/lib/python2.7/dist-packages/django/views/decorators/csrf.py", line 58, in wrapped_view
    return view_func(*args, **kwargs)
  File "/home/mike/database/askme/ask/post_views.py", line 49, in details
    user = post_dict.get('user')
AttributeError: 'list' object has no attribute 'get'
[18/Nov/2016 19:30:16] "GET /db/api/post/details/?post=-42 HTTP/1.1" 500 72295
[18/Nov/2016 19:30:16] "POST /db/api/user/create/ HTTP/1.1" 200 51
[18/Nov/2016 19:30:16] "GET /db/api/thread/details/?related=user&related=thread&thread=3 HTTP/1.1" 200 379
[18/Nov/2016 19:30:16] "GET /db/api/post/list/?since=2014-01-02+00%3A00%3A00&limit=2&order=asc&forum=forumwithsufficientlylargename HTTP/1.1" 200 969
[18/Nov/2016 19:30:16] "GET /db/api/post/list/?since=2014-01-01+00%3A00%3A00&order=desc&forum=forum1 HTTP/1.1" 200 27
[18/Nov/2016 19:30:16] "GET /db/api/post/list/?since=2014-01-01+00%3A00%3A00&order=desc&thread=1 HTTP/1.1" 200 3705
[18/Nov/2016 19:30:16] "GET /db/api/post/list/?since=2014-01-03+00%3A00%3A00&limit=3&order=desc&thread=3 HTTP/1.1" 200 1533
[18/Nov/2016 19:30:17] "POST /db/api/post/remove/ HTTP/1.1" 200 37
[18/Nov/2016 19:30:17] "GET /db/api/post/details/?post=10 HTTP/1.1" 200 809
[18/Nov/2016 19:30:17] "GET /db/api/thread/details/?thread=2 HTTP/1.1" 200 373
[18/Nov/2016 19:30:17] "POST /db/api/post/restore/ HTTP/1.1" 200 37
[18/Nov/2016 19:30:17] "GET /db/api/post/details/?post=10 HTTP/1.1" 200 810
[18/Nov/2016 19:30:17] "GET /db/api/thread/details/?thread=2 HTTP/1.1" 200 373
[18/Nov/2016 19:30:17] "POST /db/api/post/update/ HTTP/1.1" 200 473
[18/Nov/2016 19:30:17] "GET /db/api/post/details/?post=10 HTTP/1.1" 200 810
[18/Nov/2016 19:30:17] "POST /db/api/post/vote/ HTTP/1.1" 200 509
[18/Nov/2016 19:30:17] "GET /db/api/post/details/?post=26 HTTP/1.1" 200 4886
[18/Nov/2016 19:30:17] "GET /db/api/thread/list/?since=2014-01-02+00%3A00%3A00&limit=2&order=asc&forum=forumwithsufficientlylargename HTTP/1.1" 200 27
[18/Nov/2016 19:30:17] "GET /db/api/thread/list/?since=2014-01-01+00%3A00%3A00&order=desc&forum=forum1 HTTP/1.1" 200 27
[18/Nov/2016 19:30:17] "GET /db/api/thread/list/?since=2014-01-01+00%3A00%3A00&user=example2%40mail.ru&order=desc HTTP/1.1" 200 366
[18/Nov/2016 19:30:17] "GET /db/api/thread/list/?since=2014-01-03+00%3A00%3A00&limit=3&user=example3%40mail.ru&order=desc HTTP/1.1" 200 27
[18/Nov/2016 19:30:17] "GET /db/api/thread/listPosts/?since=2014-01-02+00%3A00%3A00&limit=2&order=asc&thread=4 HTTP/1.1" 200 1024
[18/Nov/2016 19:30:17] "GET /db/api/thread/listPosts/?sort=tree&since=2014-01-01+00%3A00%3A00&limit=3&order=desc&thread=2 HTTP/1.1" 200 1436
[18/Nov/2016 19:30:17] "GET /db/api/thread/listPosts/?sort=parent_tree&since=2014-01-01+00%3A00%3A00&limit=2&order=asc&thread=4 HTTP/1.1" 200 3578
[18/Nov/2016 19:30:17] "GET /db/api/thread/listPosts/?since=2014-01-03+00%3A00%3A00&limit=3&order=desc&thread=4 HTTP/1.1" 200 1507
Internal Server Error: /db/api/thread/remove/
Traceback (most recent call last):
  File "/usr/local/lib/python2.7/dist-packages/django/core/handlers/base.py", line 149, in get_response
    response = self.process_exception_by_middleware(e, request)
  File "/usr/local/lib/python2.7/dist-packages/django/core/handlers/base.py", line 147, in get_response
    response = wrapped_callback(request, *callback_args, **callback_kwargs)
  File "/usr/local/lib/python2.7/dist-packages/django/views/decorators/csrf.py", line 58, in wrapped_view
    return view_func(*args, **kwargs)
  File "/home/mike/database/askme/ask/thread_views.py", line 108, in remove
    return JsonResponse({"code": 0, "response": {"thread": postID}})
NameError: global name 'postID' is not defined
[18/Nov/2016 19:30:17] "POST /db/api/thread/remove/ HTTP/1.1" 500 72076
[18/Nov/2016 19:30:17] "GET /db/api/thread/details/?thread=4 HTTP/1.1" 200 4262
[18/Nov/2016 19:30:17] "GET /db/api/thread/listPosts/?order=desc&thread=4 HTTP/1.1" 200 4544
[18/Nov/2016 19:30:17] "POST /db/api/thread/restore/ HTTP/1.1" 200 38
[18/Nov/2016 19:30:17] "GET /db/api/thread/details/?thread=4 HTTP/1.1" 200 4262
[18/Nov/2016 19:30:17] "GET /db/api/thread/listPosts/?order=desc&thread=4 HTTP/1.1" 200 4553
[18/Nov/2016 19:30:17] "POST /db/api/thread/close/ HTTP/1.1" 200 26
[18/Nov/2016 19:30:17] "GET /db/api/thread/details/?thread=4 HTTP/1.1" 200 4262
[18/Nov/2016 19:30:17] "POST /db/api/thread/open/ HTTP/1.1" 200 26
[18/Nov/2016 19:30:17] "GET /db/api/thread/details/?thread=4 HTTP/1.1" 200 4262
[18/Nov/2016 19:30:17] "POST /db/api/thread/update/ HTTP/1.1" 200 4205
[18/Nov/2016 19:30:17] "GET /db/api/thread/details/?thread=4 HTTP/1.1" 200 4262
[18/Nov/2016 19:30:17] "POST /db/api/thread/vote/ HTTP/1.1" 200 274
[18/Nov/2016 19:30:17] "GET /db/api/thread/details/?thread=2 HTTP/1.1" 200 373
[18/Nov/2016 19:30:17] "POST /db/api/thread/subscribe/ HTTP/1.1" 200 75
[18/Nov/2016 19:30:17] "GET /db/api/thread/details/?thread=3 HTTP/1.1" 200 383
[18/Nov/2016 19:30:17] "POST /db/api/thread/subscribe/ HTTP/1.1" 200 65
[18/Nov/2016 19:30:17] "GET /db/api/thread/details/?thread=4 HTTP/1.1" 200 4266
[18/Nov/2016 19:30:17] "POST /db/api/thread/subscribe/ HTTP/1.1" 200 65
[18/Nov/2016 19:30:17] "GET /db/api/thread/details/?thread=2 HTTP/1.1" 200 377
[18/Nov/2016 19:30:17] "POST /db/api/thread/subscribe/ HTTP/1.1" 200 66
[18/Nov/2016 19:30:17] "GET /db/api/thread/details/?thread=2 HTTP/1.1" 200 383
[18/Nov/2016 19:30:17] "POST /db/api/thread/subscribe/ HTTP/1.1" 200 75
[18/Nov/2016 19:30:17] "GET /db/api/thread/details/?thread=1 HTTP/1.1" 200 460
[18/Nov/2016 19:30:17] "POST /db/api/thread/unsubscribe/ HTTP/1.1" 200 65
[18/Nov/2016 19:30:17] "GET /db/api/thread/details/?thread=3 HTTP/1.1" 200 383
[18/Nov/2016 19:30:17] "GET /db/api/user/listPosts/?since=2014-01-02+00%3A00%3A00&limit=2&user=example%40mail.ru&order=asc HTTP/1.1" 200 972
[18/Nov/2016 19:30:17] "GET /db/api/user/listPosts/?since=2014-01-01+00%3A00%3A00&user=richard.nixon%40example.com&order=desc HTTP/1.1" 200 4128
[18/Nov/2016 19:30:18] "GET /db/api/user/listPosts/?since=2014-01-01+00%3A00%3A00&user=example2%40mail.ru&order=asc HTTP/1.1" 200 2472
[18/Nov/2016 19:30:18] "GET /db/api/user/listPosts/?since=2014-01-03+00%3A00%3A00&limit=3&user=example3%40mail.ru&order=desc HTTP/1.1" 200 1576
[18/Nov/2016 19:30:18] "POST /db/api/user/updateProfile/ HTTP/1.1" 200 27
[18/Nov/2016 19:30:18] "GET /db/api/user/details/?user=example2%40mail.ru HTTP/1.1" 200 110
[18/Nov/2016 19:30:18] "POST /db/api/user/updateProfile/ HTTP/1.1" 200 172
[18/Nov/2016 19:30:18] "GET /db/api/user/details/?user=example3%40mail.ru HTTP/1.1" 200 235
[18/Nov/2016 19:30:18] "POST /db/api/user/follow/ HTTP/1.1" 200 223
[18/Nov/2016 19:30:18] "GET /db/api/user/details/?user=example3%40mail.ru HTTP/1.1" 200 252
[18/Nov/2016 19:30:18] "GET /db/api/user/details/?user=example%40mail.ru HTTP/1.1" 200 130
[18/Nov/2016 19:30:18] "POST /db/api/user/follow/ HTTP/1.1" 200 120
[18/Nov/2016 19:30:18] "GET /db/api/user/details/?user=example%40mail.ru HTTP/1.1" 200 148
[18/Nov/2016 19:30:18] "GET /db/api/user/details/?user=example3%40mail.ru HTTP/1.1" 200 269
[18/Nov/2016 19:30:18] "GET /db/api/user/listFollowers/?limit=3&user=example3%40mail.ru&since_id=0&order=desc HTTP/1.1" 200 122
[18/Nov/2016 19:30:18] "GET /db/api/user/listFollowers/?user=example%40mail.ru&order=asc HTTP/1.1" 200 242
[18/Nov/2016 19:30:18] "GET /db/api/user/listFollowing/?limit=3&user=example3%40mail.ru&since_id=1&order=desc HTTP/1.1" 200 122
[18/Nov/2016 19:30:18] "GET /db/api/user/listFollowing/?user=example%40mail.ru&order=asc HTTP/1.1" 200 242
[18/Nov/2016 19:30:18] "POST /db/api/user/unfollow/ HTTP/1.1" 200 223
[18/Nov/2016 19:30:18] "GET /db/api/user/details/?user=example3%40mail.ru HTTP/1.1" 200 252
[18/Nov/2016 19:30:18] "GET /db/api/user/details/?user=example%40mail.ru HTTP/1.1" 200 130
[18/Nov/2016 19:30:18] "POST /db/api/user/unfollow/ HTTP/1.1" 200 84
[18/Nov/2016 19:30:18] "GET /db/api/user/details/?user=example%40mail.ru HTTP/1.1" 200 112
[18/Nov/2016 19:30:18] "GET /db/api/user/details/?user=example3%40mail.ru HTTP/1.1" 200 235
[18/Nov/2016 19:30:18] "GET /db/api/forum/listPosts/?related=thread&since=2014-01-02+00%3A00%3A00&limit=2&order=asc&forum=forumwithsufficientlylargename HTTP/1.1" 200 1653
[18/Nov/2016 19:30:18] "GET /db/api/forum/listPosts/?related=thread&related=forum&since=2014-01-01+00%3A00%3A00&order=desc&forum=forum1 HTTP/1.1" 200 27
[18/Nov/2016 19:30:18] "GET /db/api/forum/listPosts/?since=2014-01-01+00%3A00%3A00&order=desc&forum=forum2 HTTP/1.1" 200 4553
[18/Nov/2016 19:30:18] "GET /db/api/forum/listPosts/?since=2014-01-03+00%3A00%3A00&limit=3&order=desc&forum=forum3 HTTP/1.1" 200 1570
[18/Nov/2016 19:30:18] "GET /db/api/forum/listThreads/?related=forum&related=user&since=2013-12-30+00%3A00%3A00&limit=2&order=asc&forum=forumwithsufficientlylargename HTTP/1.1" 200 462
[18/Nov/2016 19:30:18] "GET /db/api/forum/listUsers/?limit=2&since_id=2&forum=forumwithsufficientlylargename&order=asc HTTP/1.1" 200 171
[18/Nov/2016 19:30:18] "GET /db/api/forum/listUsers/?order=desc&forum=forum1 HTTP/1.1" 200 27
Error: That port is already in use.
